1
 
 
 
 
                     THIS PROGRAM IS CONFIDENTIAL AND A TRADE SECRET OF MSC.SOFTWARE CORPORATION.  THE RECEIPT OR    
                  POSSESSION OF THIS PROGRAM DOES NOT CONVEY ANY RIGHTS TO REPRODUCE OR DISCLOSE ITS CONTENTS, OR TO 
                 MANUFACTURE, USE, OR SELL ANYTHING HEREIN, IN WHOLE OR IN PART, WITHOUT THE SPECIFIC WRITTEN CONSENT
                                                    OF MSC.SOFTWARE CORPORATION.                                     
 
 
                                              * * * * * * * * * * * * * * * * * * * *
                                              * * * * * * * * * * * * * * * * * * * *
                                              * *                                 * *
                                              * *           MSC.SOFTWARE          * *
                                              * *               CORP              * *
                                              * *                                 * *
                                              * *      M S C . N a s t r a n      * *
                                              * *                                 * *
                                              * *                                 * *
                                              * *                                 * *
                                              * *        Version 2005.1.0         * *
                                              * *             2005R2              * *
                                              * *                                 * *
                                              * *                                 * *
                                              * *          JUN 21, 2005           * *
                                              * *                                 * *
                                              * *        8664 Based System        * *
                                              * *MODEL Intel Intel/1200.000000MHz * *
                                              * *      Linux 2.6.18-274.el5       * *
                                              * *                                 * *
                                              * *                                 * *
                                              * * * * * * * * * * * * * * * * * * * *
                                              * * * * * * * * * * * * * * * * * * * *
1News file - (6/03/05):
  
 Thank you for choosing MSC.Nastran, the industry standard in FEA, and Welcome
 to MSC.Nastran 2005 r2.
  
 You can find version-specific online documentation, and online technical support
 at:
  
    http://www.mscsoftware.com/support/prod_support/nastran/
  
 Also at the technical support location is a searchable list of technical
 application notes and the current error/avoidance list. Please don't hesitate
 to contact your nearest technical support representative if you require
 assistance.
  
    http://www.mscsoftware.com/about/locate/
  
 The arbitrary beam cross section, explicit nonlinear (SOL 700), and the new
 nonlinear (SOL 400) solution sequences, are regarded as pre-release capabilities
 and are still undergoing testing and verification.  These capabilities should
 not be employed in any analysis except for the purpose of testing and verifying
 the functionality and working of the capabilities themselves.
  
 MSC.Nastran 2005 r2 is mainly focused on improving quality, accuracy and
 ease-of-use, but also introduces new capabilities, some of which were made
 available as pre-release functionality in MSC.Nastran 2005 r1. In addition,
 significant advancements have been made regarding performance and scalability of
 the program.  Some of the new features and enhancements are listed below.
  
 Nonlinear
 - MSC.Nastran Implicit Nonlinear (SOL 600) - We have addressed many known
   issues, improved memory usage, improved output options, added beam, bar, and
   shell offsets, and thermal contact
 - MSC.Nastran Explicit Nonlinear (SOL 700) pre-release - you can now
   execute LS-Dyna from inside MSC.Nastran to perform crash and impact
   analyses
  
 Numeric Enhancements
 - Multi-level DMP - an enhanced Lanczos modal extraction methodology that
   improves scalability and efficiently handles large normal modes analyses with
   very frequency ranges
 - MDACMS enhanced robustness, improved handling of large masses, and improved
   performance
 - Distributed memory parallel MPYAD
  
 Elements
 - CFAST - a new fastener element based on user defined stiffness values.
 - Arbitrary beam cross section pre-release capability - you can specify cross
   section shapes using POINT entries, and optimize them in SOL 200
 - Enhanced nonstructural mass element summary printout - ELSUM
1- spatially dependent heat transfer coefficient
 - Heat transfer coefficient as a function of two variables
 - Thermal analysis flux output
  
 Optimization
 - MSC.Nastran Topology Optimization - this addition to the existing SOL 200
   optimization solution sequence allows optimization analyses to be performed
   that require many design variables
  
 Further Enhancements
 - Larger XDB database support
 - MATMOD option 16 - we have removed many previous limitations with this
   matrix output capability
 - K6ROT stiffness removed for membrane elements
1                                                                          DECEMBER  22, 2015  MSC.NASTRAN  6/21/05   PAGE     1
                                                                                                                                    
0        N A S T R A N    F I L E    A N D    S Y S T E M    P A R A M E T E R    E C H O                                           
0                                                                                                                                   
                                                                                                                                    
                                                                                                                                    
     NASTRAN OP2NEW=0 $ MSC.NASTRAN .LCL FILE                                        
     NASTRAN BUFFSIZE=8193 $(/NA/SHARE/MSC/CONF/NAST20051RC[3])                      
     NASTRAN BUFFSIZE=65537 $(COMMAND LINE[7])                                       
     $                                                                               
1                                                                          DECEMBER  22, 2015  MSC.NASTRAN  6/21/05   PAGE     2
                                                                                                                                    
0        N A S T R A N    E X E C U T I V E    C O N T R O L    E C H O                                                             
0                                                                                                                                   
                                                                                                                                    
                                                                                                                                    
     SOL 103                                                                                 
     $                                                                                       
     DIAG 8,50                                                                               
     GEOMCHECK SUMMARY                                                                       
     $                                                                                       
     CEND                                                                                    
1    CLIQUE EXAMPLE                                                        DECEMBER  22, 2015  MSC.NASTRAN  6/21/05   PAGE     3
                                                                                                                                    
0                                                                                                                                   
0                                        C A S E    C O N T R O L    E C H O                                                        
                 COMMAND                                                                                                            
                 COUNT                                                                                                              
                  1      $                                                                                       
                  2      TITLE = CLIQUE EXAMPLE                                                                  
                  3      $                                                                                       
                  4      ECHO = NONE                                                                             
                  5      AUTOSPC (NOZERO)=YES                                                                    
                  6      $                                                                                       
                  7      $                                                                                       
                  8         DISPLACEMENT(PLOT)=ALL                                                               
                  9         SPCFORCES(PLOT)=ALL                                                                  
                 10         STRESS(PLOT)=ALL                                                                     
                 11         STRAIN(PLOT)=ALL                                                                     
                 12      $                                                                                       
                 13      SUBCASE 991                                                                             
                 14         SUBTITLE = FREE VIBRATION                                                            
                 15         METHOD(STRUCTURE) =        4                                                         
                 16      $                                                                                       
                 17      BEGIN BULK                                                                              
0                             INPUT BULK DATA ENTRY COUNT =      44
0                       TOTAL COUNT=        30


                                        M O D E L   S U M M A R Y

                                   NUMBER OF GRID     POINTS   =        7
 
                                   NUMBER OF CBAR     ELEMENTS =       15
 
 *** USER INFORMATION MESSAGE 4109 (OUTPX2)
     THE LABEL IS XXXXXXXX FOR FORTRAN UNIT 12
     (MAXIMUM SIZE OF FORTRAN RECORDS WRITTEN =        7 WORDS.)
     (NUMBER OF FORTRAN RECORDS WRITTEN =          8 RECORDS.)
     (TOTAL DATA WRITTEN FOR TAPE LABEL = WORDS.)
 *** USER INFORMATION MESSAGE 4114 (OUTPX2)
     DATA BLOCK GEOM1X   WRITTEN ON FORTRAN UNIT 12, TRL =
                    101                 0                 0                 8                 0                 0                 0
     NAME OF DATA BLOCK WRITTEN ON FORTRAN UNIT IS GEOM1.
        (MAXIMUM POSSIBLE FORTRAN RECORD SIZE =      131074 WORDS.)
     (MAXIMUM SIZE OF FORTRAN RECORDS WRITTEN =          59 WORDS.)
           (NUMBER OF FORTRAN RECORDS WRITTEN =          20 RECORDS.)
           (TOTAL DATA WRITTEN FOR DATA BLOCK =          90 WORDS.)
1    CLIQUE EXAMPLE                                                        DECEMBER  22, 2015  MSC.NASTRAN  6/21/05   PAGE     4
                                                                                                                                    
0                                                                                                                                   
0                                                                                                                                   
                                                                                                                                    
                                                                                                                                    
 *** USER INFORMATION MESSAGE 4114 (OUTPX2)
     DATA BLOCK GEOM2X   WRITTEN ON FORTRAN UNIT 12, TRL =
                    102                 0               256                 0                 0                 0                 0
     NAME OF DATA BLOCK WRITTEN ON FORTRAN UNIT IS GEOM2.
        (MAXIMUM POSSIBLE FORTRAN RECORD SIZE =      131074 WORDS.)
     (MAXIMUM SIZE OF FORTRAN RECORDS WRITTEN =         243 WORDS.)
           (NUMBER OF FORTRAN RECORDS WRITTEN =          20 RECORDS.)
           (TOTAL DATA WRITTEN FOR DATA BLOCK =         274 WORDS.)
 *** USER INFORMATION MESSAGE 4114 (OUTPX2)
     DATA BLOCK EPTX     WRITTEN ON FORTRAN UNIT 12, TRL =
                    105                 0              4096                 0                 0                 0                 0
     NAME OF DATA BLOCK WRITTEN ON FORTRAN UNIT IS EPT.
        (MAXIMUM POSSIBLE FORTRAN RECORD SIZE =      131074 WORDS.)
     (MAXIMUM SIZE OF FORTRAN RECORDS WRITTEN =          22 WORDS.)
           (NUMBER OF FORTRAN RECORDS WRITTEN =          20 RECORDS.)
           (TOTAL DATA WRITTEN FOR DATA BLOCK =          53 WORDS.)
 *** USER INFORMATION MESSAGE 4114 (OUTPX2)
     DATA BLOCK MPTS     WRITTEN ON FORTRAN UNIT 12, TRL =
                    101             32768                 0                 0                 0                 0                 0
     NAME OF DATA BLOCK WRITTEN ON FORTRAN UNIT IS MPTS.
        (MAXIMUM POSSIBLE FORTRAN RECORD SIZE =      131074 WORDS.)
     (MAXIMUM SIZE OF FORTRAN RECORDS WRITTEN =          15 WORDS.)
           (NUMBER OF FORTRAN RECORDS WRITTEN =          20 RECORDS.)
           (TOTAL DATA WRITTEN FOR DATA BLOCK =          46 WORDS.)
 *** USER INFORMATION MESSAGE 4114 (OUTPX2)
     DATA BLOCK DYNAMICS WRITTEN ON FORTRAN UNIT 12, TRL =
                    103               256                 0                 0                 0                 0                 0
     NAME OF DATA BLOCK WRITTEN ON FORTRAN UNIT IS DYNAMICS.
        (MAXIMUM POSSIBLE FORTRAN RECORD SIZE =      131074 WORDS.)
     (MAXIMUM SIZE OF FORTRAN RECORDS WRITTEN =          30 WORDS.)
           (NUMBER OF FORTRAN RECORDS WRITTEN =          20 RECORDS.)
           (TOTAL DATA WRITTEN FOR DATA BLOCK =          61 WORDS.)
1    CLIQUE EXAMPLE                                                        DECEMBER  22, 2015  MSC.NASTRAN  6/21/05   PAGE     5
                                                                                                                                    
0                                                                                                                                   
                           O U T P U T   F R O M   G R I D   P O I N T   W E I G H T   G E N E R A T O R
0                                                     REFERENCE POINT =        0
                                                                M O
                      *  9.172584E-05  0.000000E+00  0.000000E+00  0.000000E+00  0.000000E+00 -5.021705E-03 *
                      *  0.000000E+00  9.172584E-05  0.000000E+00  0.000000E+00  0.000000E+00  4.586292E-03 *
                      *  0.000000E+00  0.000000E+00  9.172584E-05  5.021705E-03 -4.586292E-03  0.000000E+00 *
                      *  0.000000E+00  0.000000E+00  5.021705E-03  4.260421E-01 -2.510853E-01  0.000000E+00 *
                      *  0.000000E+00  0.000000E+00 -4.586292E-03 -2.510853E-01  4.905325E-01  0.000000E+00 *
                      * -5.021705E-03  4.586292E-03  0.000000E+00  0.000000E+00  0.000000E+00  9.165746E-01 *
                                                                 S
                                           *  1.000000E+00  0.000000E+00  0.000000E+00 *
                                           *  0.000000E+00  1.000000E+00  0.000000E+00 *
                                           *  0.000000E+00  0.000000E+00  1.000000E+00 *
                               DIRECTION
                          MASS AXIS SYSTEM (S)     MASS              X-C.G.        Y-C.G.        Z-C.G.
                                  X            9.172584E-05      0.000000E+00  5.474689E+01  0.000000E+00
                                  Y            9.172584E-05      5.000000E+01  0.000000E+00  0.000000E+00
                                  Z            9.172584E-05      5.000000E+01  5.474689E+01  0.000000E+00
                                                                I(S)
                                           *  1.511193E-01  5.551115E-17  0.000000E+00 *
                                           *  5.551115E-17  2.612179E-01  0.000000E+00 *
                                           *  0.000000E+00  0.000000E+00  4.123372E-01 *
                                                                I(Q)
                                           *  1.511193E-01                             *
                                           *                2.612179E-01               *
                                           *                              4.123372E-01 *
                                                                 Q
                                           *  1.000000E+00  0.000000E+00  0.000000E+00 *
                                           *  0.000000E+00  1.000000E+00  0.000000E+00 *
                                           *  0.000000E+00  0.000000E+00  1.000000E+00 *

1    CLIQUE EXAMPLE                                                        DECEMBER  22, 2015  MSC.NASTRAN  6/21/05   PAGE     6
                                                                                                                                    
0                                                                                                                                   
1    CLIQUE EXAMPLE                                                        DECEMBER  22, 2015  MSC.NASTRAN  6/21/05   PAGE     7
                                                                                                                                    
0                                                                                                                                   
0 RESULTANTS ABOUT ORIGIN OF SUPERELEMENT BASIC COORDINATE SYSTEM IN SUPERELEMENT BASIC SYSTEM COORDINATES.

0                                                  OLOAD    RESULTANT       
  SUBCASE/    LOAD
  DAREA ID    TYPE       T1            T2            T3            R1            R2            R3
0      991     FX    0.000000E+00     ----          ----          ----       0.000000E+00  0.000000E+00                             
               FY       ----       0.000000E+00     ----       0.000000E+00     ----       0.000000E+00                             
               FZ       ----          ----       0.000000E+00  0.000000E+00  0.000000E+00     ----                                  
               MX       ----          ----          ----       0.000000E+00     ----          ----                                  
               MY       ----          ----          ----          ----       0.000000E+00     ----                                  
               MZ       ----          ----          ----          ----          ----       0.000000E+00                             
             TOTALS  0.000000E+00  0.000000E+00  0.000000E+00  0.000000E+00  0.000000E+00  0.000000E+00
 *** SYSTEM INFORMATION MESSAGE 6916 (DFMSYN)
     DECOMP ORDERING METHOD CHOSEN: BEND, ORDERING METHOD USED: BEND
 *** USER INFORMATION MESSAGE 5010 (LNCILD)
     STURM SEQUENCE DATA FOR EIGENVALUE EXTRACTION.
     TRIAL EIGENVALUE =  4.303107D+04, CYCLES =  3.301499D+01 NUMBER OF EIGENVALUES BELOW THIS VALUE =     6
 *** USER INFORMATION MESSAGE 5010 (LNCILD)
     STURM SEQUENCE DATA FOR EIGENVALUE EXTRACTION.
     TRIAL EIGENVALUE =  2.460493D+09, CYCLES =  7.894619D+03 NUMBER OF EIGENVALUES BELOW THIS VALUE =    12
 *** USER INFORMATION MESSAGE 5010 (LNCILD)
     STURM SEQUENCE DATA FOR EIGENVALUE EXTRACTION.
     TRIAL EIGENVALUE =  4.243257D+09, CYCLES =  1.036740D+04 NUMBER OF EIGENVALUES BELOW THIS VALUE =    14
 *** USER INFORMATION MESSAGE 5010 (LNCILD)
     STURM SEQUENCE DATA FOR EIGENVALUE EXTRACTION.
     TRIAL EIGENVALUE =  1.664620D+10, CYCLES =  2.053419D+04 NUMBER OF EIGENVALUES BELOW THIS VALUE =    20
 *** USER INFORMATION MESSAGE 5010 (LNCILD)
     STURM SEQUENCE DATA FOR EIGENVALUE EXTRACTION.
     TRIAL EIGENVALUE =  1.681526D+10, CYCLES =  2.063821D+04 NUMBER OF EIGENVALUES BELOW THIS VALUE =    21

 TABLE OF SHIFTS:  (LNNRIGL)
 SHIFT #        SHIFT VALUE         FREQUENCY, CYCLES     # EIGENVALUES BELOW    # NEW EIGENVALUES FOUND
     1.        4.3031070E+04          3.3014992E+01                 6                       10
     2.        2.4604928E+09          7.8946191E+03                12                        3
     3.        4.2432566E+09          1.0367398E+04                14                        5
     4.        1.6646197E+10          2.0534193E+04                20                        3
     5.        1.6815264E+10          2.0638207E+04                21                        0

1    CLIQUE EXAMPLE                                                        DECEMBER  22, 2015  MSC.NASTRAN  6/21/05   PAGE     8
                                                                                                                                    
0                                                                                                            SUBCASE 991            
0


                          E I G E N V A L U E  A N A L Y S I S   S U M M A R Y   (READ MODULE) 



                                     BLOCK SIZE USED ......................    7

                                     NUMBER OF DECOMPOSITIONS .............    5

                                     NUMBER OF ROOTS FOUND ................   21

                                     NUMBER OF SOLVES REQUIRED ............   19

1    CLIQUE EXAMPLE                                                        DECEMBER  22, 2015  MSC.NASTRAN  6/21/05   PAGE     9
                                                                                                                                    
0                                                                                                            SUBCASE 991            
 
                                              R E A L   E I G E N V A L U E S
   MODE    EXTRACTION      EIGENVALUE            RADIANS             CYCLES            GENERALIZED         GENERALIZED
    NO.       ORDER                                                                       MASS              STIFFNESS
        1         1       -5.093680E-07        7.137001E-04        1.135889E-04        7.562812E-05       -3.852254E-11
        2         2       -3.590976E-07        5.992476E-04        9.537321E-05        6.284700E-05       -2.256821E-11
        3         3       -1.236913E-10        1.112166E-05        1.770067E-06        3.298901E-05       -4.080452E-15
        4         4       -1.455192E-11        3.814697E-06        6.071278E-07        3.460674E-05       -5.035944E-16
        5         5        1.382432E-10        1.175769E-05        1.871294E-06        2.525867E-05        3.491839E-15
        6         6        4.074536E-09        6.383209E-05        1.015919E-05        9.041268E-05        3.683897E-13
        7         7        1.846169E+05        4.296707E+02        6.838422E+01        3.944720E-05        7.282620E+00
        8         8        8.098304E+05        8.999058E+02        1.432244E+02        3.385133E-05        2.741383E+01
        9         9        4.244904E+06        2.060316E+03        3.279095E+02        2.537987E-05        1.077351E+02
       10        10        5.188661E+06        2.277863E+03        3.625332E+02        1.466612E-05        7.609755E+01
       11        11        1.383140E+09        3.719059E+04        5.919067E+03        6.669926E-05        9.225441E+04
       12        12        2.169445E+09        4.657730E+04        7.413007E+03        7.595042E-05        1.647702E+05
       13        13        2.748432E+09        5.242549E+04        8.343776E+03        7.592187E-05        2.086661E+05
       14        14        3.361845E+09        5.798142E+04        9.228029E+03        4.588599E-05        1.542616E+05
       15        15        5.124666E+09        7.158677E+04        1.139339E+04        2.381827E-05        1.220607E+05
       16        16        5.517859E+09        7.428229E+04        1.182239E+04        4.078912E-05        2.250686E+05
       17        17        5.900725E+09        7.681617E+04        1.222567E+04        9.347536E-05        5.515724E+05
       18        18        8.173326E+09        9.040645E+04        1.438863E+04        7.842291E-05        6.409759E+05
       19        19        1.025492E+10        1.012666E+05        1.611708E+04        5.725736E-05        5.871699E+05
       20        20        1.653349E+10        1.285826E+05        2.046455E+04        3.526982E-05        5.831331E+05
       21        21        1.675891E+10        1.294562E+05        2.060359E+04        1.438739E-05        2.411169E+05
1    CLIQUE EXAMPLE                                                        DECEMBER  22, 2015  MSC.NASTRAN  6/21/05   PAGE    10
                                                                                                                                    
0                                                                                                            SUBCASE 991            
1    CLIQUE EXAMPLE                                                        DECEMBER  22, 2015  MSC.NASTRAN  6/21/05   PAGE    11
                                                                                                                                    
0                                                                                                            SUBCASE 991            
0                                                  MAXIMUM  DISPLACEMENTS   
  SUBCASE/
  DAREA ID        T1             T2             T3             R1             R2             R3
0      991   9.1043331E-02  1.0000000E+00  8.4538897E-06  1.6362321E-08  4.5935824E-08  1.2841085E-03
0      992   6.6330957E-01  1.0000000E+00  5.0541857E-05  3.0826487E-07  5.5153089E-07  1.2289555E-02
0      993   6.0637650E-04  1.6550184E-05  1.0000000E+00  1.1116486E-02  1.4625979E-03  5.9487029E-08
0      994   5.4818066E-04  3.5515743E-05  1.0000000E+00  4.0924242E-03  9.5859924E-03  2.8043857E-07
0      995   1.5494701E-03  6.9708040E-05  1.0000000E+00  7.7653923E-03  5.2903676E-03  4.6108818E-07
0      996   1.0000000E+00  3.3950239E-02  5.1927832E-03  1.8437731E-05  4.4969962E-05  1.3724125E-04
0      997   7.5690795E-16  7.5848111E-16  1.0000000E+00  1.5503635E-02  1.6533086E-02  8.2549780E-18
0      998   5.0368929E-14  3.7969461E-14  1.0000000E+00  1.6773239E-02  2.2855647E-02  1.0175739E-15
0      999   1.1533130E-11  8.0619652E-12  1.0000000E+00  2.6516337E-02  2.7948841E-02  2.1987510E-13
0     1000   1.9358798E-11  1.3530670E-11  1.0000000E+00  6.4551942E-02  2.2424558E-02  3.6899992E-13
0     1001   8.4471434E-01  1.0000000E+00  9.1376884E-13  5.8973741E-14  2.1093890E-14  2.7215287E-02
0     1002   7.7813172E-01  1.0000000E+00  1.8063283E-12  1.1659997E-13  4.0596382E-14  2.3127249E-02
0     1003   1.0000000E+00  6.7081076E-01  4.4760449E-13  2.8893219E-14  1.0059589E-14  1.3536635E-02
0     1004   1.0000000E+00  6.4835781E-01  4.0650015E-11  2.4969707E-12  1.1776436E-12  2.2398546E-02
0     1005   4.7205070E-01  1.0000000E+00  1.4304899E-10  8.7693342E-12  4.1544060E-12  1.1630405E-02
0     1006   7.8253007E-01  1.0000000E+00  6.4874359E-09  3.9768061E-10  1.8840299E-10  3.7550576E-02
0     1007   9.0189385E-01  1.0000000E+00  2.1450255E-08  1.3148812E-09  6.2293992E-10  1.1026754E-02
0     1008   1.0000000E+00  9.0812379E-01  8.4046849E-07  2.3979410E-08  2.2283409E-08  3.3659886E-03
0     1009   7.1164083E-01  1.0000000E+00  1.9238318E-05  1.1791865E-06  5.5869992E-07  1.8605651E-02
0     1010   9.3155807E-01  1.0000000E+00  2.4446429E-11  7.0503190E-13  6.4417303E-13  7.7066752E-03
0     1011   1.0000000E+00  3.3941567E-01  7.7160604E-12  2.2247349E-13  2.0325193E-13  1.7420925E-02
 *** USER INFORMATION MESSAGE 4114 (OUTPX2)
     DATA BLOCK OUGV1    WRITTEN ON FORTRAN UNIT 12, TRL =
                    101                 0              1176                 0                 0                 0                 2
     NAME OF DATA BLOCK WRITTEN ON FORTRAN UNIT IS OUGV1.
        (MAXIMUM POSSIBLE FORTRAN RECORD SIZE =      131074 WORDS.)
     (MAXIMUM SIZE OF FORTRAN RECORDS WRITTEN =         146 WORDS.)
           (NUMBER OF FORTRAN RECORDS WRITTEN =         220 RECORDS.)
           (TOTAL DATA WRITTEN FOR DATA BLOCK =        4435 WORDS.)
1    CLIQUE EXAMPLE                                                        DECEMBER  22, 2015  MSC.NASTRAN  6/21/05   PAGE    12
                                                                                                                                    
0                                                                                                            SUBCASE 991            
1    CLIQUE EXAMPLE                                                        DECEMBER  22, 2015  MSC.NASTRAN  6/21/05   PAGE    13
                                                                                                                                    
0                                                                                                            SUBCASE 991            
1    CLIQUE EXAMPLE                                                        DECEMBER  22, 2015  MSC.NASTRAN  6/21/05   PAGE    14
                                                                                                                                    
0                                                                                                            SUBCASE 991            
 *** USER INFORMATION MESSAGE 4114 (OUTPX2)
     DATA BLOCK OES1X1   WRITTEN ON FORTRAN UNIT 12, TRL =
                    101                63                12                22                15                 0                 2
     NAME OF DATA BLOCK WRITTEN ON FORTRAN UNIT IS OES1X1.
        (MAXIMUM POSSIBLE FORTRAN RECORD SIZE =      131074 WORDS.)
     (MAXIMUM SIZE OF FORTRAN RECORDS WRITTEN =         240 WORDS.)
           (NUMBER OF FORTRAN RECORDS WRITTEN =         220 RECORDS.)
           (TOTAL DATA WRITTEN FOR DATA BLOCK =        8299 WORDS.)
 *** USER INFORMATION MESSAGE 4114 (OUTPX2)
     DATA BLOCK OSTR1X   WRITTEN ON FORTRAN UNIT 12, TRL =
                    101                63                12                22                15                 0                 2
     NAME OF DATA BLOCK WRITTEN ON FORTRAN UNIT IS OSTR1X.
        (MAXIMUM POSSIBLE FORTRAN RECORD SIZE =      131074 WORDS.)
     (MAXIMUM SIZE OF FORTRAN RECORDS WRITTEN =         240 WORDS.)
           (NUMBER OF FORTRAN RECORDS WRITTEN =         220 RECORDS.)
           (TOTAL DATA WRITTEN FOR DATA BLOCK =        8299 WORDS.)
 *** USER INFORMATION MESSAGE 4110 (OUTPX2)
                                 END-OF-DATA SIMULATION ON FORTRAN UNIT 12
                                 (MAXIMUM SIZE OF FORTRAN RECORDS WRITTEN =      1 WORDS.)
                                       (NUMBER OF FORTRAN RECORDS WRITTEN =      1 RECORDS.)
                                       (TOTAL DATA WRITTEN FOR EOF MARKER =      1 WORDS.)
1    CLIQUE EXAMPLE                                                        DECEMBER  22, 2015  MSC.NASTRAN  6/21/05   PAGE    15
                                                                                                                                    
0                                                                                                            SUBCASE 991            
 * * * *  D B D I C T   P R I N T  * * * *      SUBDMAP = PRTSUM  ,  DMAP STATEMENT NO.     30



0                                   * * * *  A N A L Y S I S  S U M M A R Y  T A B L E  * * * *
0 SEID  PEID PROJ VERS APRCH      SEMG SEMR SEKR SELG SELR MODES DYNRED SOLLIN PVALID SOLNL LOOPID DESIGN CYCLE SENSITIVITY
 --------------------------------------------------------------------------------------------------------------------------
     0     0    1    1 '        '    T    T    T    T    T     T      F      T      0     F     -1            0           F
0SEID = SUPERELEMENT ID.
 PEID = PRIMARY SUPERELEMENT ID OF IMAGE SUPERELEMENT.
 PROJ = PROJECT ID NUMBER.
 VERS = VERSION ID.
 APRCH = BLANK FOR STRUCTURAL ANALYSIS.  HEAT FOR HEAT TRANSFER ANALYSIS.
 SEMG = STIFFNESS AND MASS MATRIX GENERATION STEP.
 SEMR = MASS MATRIX REDUCTION STEP (INCLUDES EIGENVALUE SOLUTION FOR MODES).
 SEKR = STIFFNESS MATRIX REDUCTION STEP.
 SELG = LOAD MATRIX GENERATION STEP.
 SELR = LOAD MATRIX REDUCTION STEP. 
 MODES = T (TRUE) IF NORMAL MODES OR BUCKLING MODES CALCULATED.
 DYNRED = T (TRUE) MEANS GENERALIZED DYNAMIC AND/OR COMPONENT MODE REDUCTION PERFORMED.
 SOLLIN = T (TRUE) IF LINEAR SOLUTION EXISTS IN DATABASE.
 PVALID = P-DISTRIBUTION ID OF P-VALUE FOR P-ELEMENTS
 LOOPID = THE LAST LOOPID VALUE USED IN THE NONLINEAR ANALYSIS.  USEFUL FOR RESTARTS.
 SOLNL = T (TRUE) IF NONLINEAR SOLUTION EXISTS IN DATABASE.
 DESIGN CYCLE = THE LAST DESIGN CYCLE (ONLY VALID IN OPTIMIZATION).
 SENSITIVITY = SENSITIVITY MATRIX GENERATION FLAG.
 
 No PARAM values were set in the Control File.
 
1                                        * * * END OF JOB * * *
 
 
